<?xml version="1.0" encoding="UTF-8"?>
<!-- Generated by org.testng.reporters.JUnitXMLReporter -->
<testsuite ignored="0" hostname="DESKTOP-TEJTTUE" failures="3" tests="3" name="test-1" time="2.62" errors="0" timestamp="2023-03-20T12:14:46 IST">
  <testcase classname="com.orangeHRM.common.OrangeHRM_BaseSetup" name="@AfterClass tearDown" time="0.001">
    <failure type="java.lang.NullPointerException" message="Cannot invoke &amp;quot;org.openqa.selenium.WebDriver.quit()&amp;quot; because &amp;quot;this.driver&amp;quot; is null">
      <![CDATA[java.lang.NullPointerException: Cannot invoke "org.openqa.selenium.WebDriver.quit()" because "this.driver" is null
at com.orangeHRM.common.OrangeHRM_BaseSetup.tearDown(OrangeHRM_BaseSetup.java:119)
at java.base/java.util.ArrayList.forEach(ArrayList.java:1511)
... Removed 25 stack frames]]>
    </failure>
  </testcase> <!-- @AfterClass tearDown -->
  <testcase classname="com.orangeHRM.test.OrangeHRM_Login" name="VerifyLoginurlTest" time="0.023">
    <failure type="java.lang.NullPointerException" message="Cannot invoke &amp;quot;org.openqa.selenium.SearchContext.findElement(org.openqa.selenium.By)&amp;quot; because &amp;quot;this.searchContext&amp;quot; is null">
      <![CDATA[java.lang.NullPointerException: Cannot invoke "org.openqa.selenium.SearchContext.findElement(org.openqa.selenium.By)" because "this.searchContext" is null
at org.openqa.selenium.support.pagefactory.DefaultElementLocator.findElement(DefaultElementLocator.java:70)
at org.openqa.selenium.support.pagefactory.internal.LocatingElementHandler.invoke(LocatingElementHandler.java:39)
at jdk.proxy2/jdk.proxy2.$Proxy20.clear(Unknown Source)
at com.orangeHRM.common.OrangeHRM_BasePage.enterUserName(OrangeHRM_BasePage.java:53)
at com.orangeHRM.common.OrangeHRM_BasePage.signInToOrangeHRM(OrangeHRM_BasePage.java:46)
at com.orangeHRM.common.OrangeHRM_BasePage.GoToHomePageAndSignIn(OrangeHRM_BasePage.java:42)
at com.orangeHRM.test.OrangeHRM_Login.VerifyLoginurlTest(OrangeHRM_Login.java:35)
at java.base/java.util.ArrayList.forEach(ArrayList.java:1511)
... Removed 27 stack frames]]>
    </failure>
  </testcase> <!-- VerifyLoginurlTest -->
  <testcase classname="com.orangeHRM.test.OrangeHRM_Login" name="VerifyLogintextTest" time="0.003">
    <failure type="java.lang.NullPointerException" message="Cannot invoke &amp;quot;org.openqa.selenium.SearchContext.findElement(org.openqa.selenium.By)&amp;quot; because &amp;quot;this.searchContext&amp;quot; is null">
      <![CDATA[java.lang.NullPointerException: Cannot invoke "org.openqa.selenium.SearchContext.findElement(org.openqa.selenium.By)" because "this.searchContext" is null
at org.openqa.selenium.support.pagefactory.DefaultElementLocator.findElement(DefaultElementLocator.java:70)
at org.openqa.selenium.support.pagefactory.internal.LocatingElementHandler.invoke(LocatingElementHandler.java:39)
at jdk.proxy2/jdk.proxy2.$Proxy20.clear(Unknown Source)
at com.orangeHRM.common.OrangeHRM_BasePage.enterUserName(OrangeHRM_BasePage.java:53)
at com.orangeHRM.common.OrangeHRM_BasePage.signInToOrangeHRM(OrangeHRM_BasePage.java:46)
at com.orangeHRM.common.OrangeHRM_BasePage.GoToHomePageAndSignIn(OrangeHRM_BasePage.java:42)
at com.orangeHRM.test.OrangeHRM_Login.VerifyLogintextTest(OrangeHRM_Login.java:44)
at java.base/java.util.ArrayList.forEach(ArrayList.java:1511)
... Removed 27 stack frames]]>
    </failure>
  </testcase> <!-- VerifyLogintextTest -->
  <testcase classname="com.orangeHRM.test.OrangeHRM_Login" name="logoVerifyTest" time="0.002">
    <failure type="java.lang.NullPointerException" message="Cannot invoke &amp;quot;org.openqa.selenium.SearchContext.findElement(org.openqa.selenium.By)&amp;quot; because &amp;quot;this.searchContext&amp;quot; is null">
      <![CDATA[java.lang.NullPointerException: Cannot invoke "org.openqa.selenium.SearchContext.findElement(org.openqa.selenium.By)" because "this.searchContext" is null
at org.openqa.selenium.support.pagefactory.DefaultElementLocator.findElement(DefaultElementLocator.java:70)
at org.openqa.selenium.support.pagefactory.internal.LocatingElementHandler.invoke(LocatingElementHandler.java:39)
at jdk.proxy2/jdk.proxy2.$Proxy20.clear(Unknown Source)
at com.orangeHRM.common.OrangeHRM_BasePage.enterUserName(OrangeHRM_BasePage.java:53)
at com.orangeHRM.common.OrangeHRM_BasePage.signInToOrangeHRM(OrangeHRM_BasePage.java:46)
at com.orangeHRM.common.OrangeHRM_BasePage.GoToHomePageAndSignIn(OrangeHRM_BasePage.java:42)
at com.orangeHRM.test.OrangeHRM_Login.logoVerifyTest(OrangeHRM_Login.java:27)
at java.base/java.util.ArrayList.forEach(ArrayList.java:1511)
... Removed 27 stack frames]]>
    </failure>
  </testcase> <!-- logoVerifyTest -->
</testsuite> <!-- test-1 -->
