<?xml version="1.0" encoding="UTF-8"?>
<!-- Generated by org.testng.reporters.JUnitReportReporter -->
<testsuite hostname="DESKTOP-TEJTTUE" failures="0" tests="13" name="com.orangeHRM.test.OrangeHRM_AddEmployee" time="157.661" errors="0" timestamp="2023-03-08T20:47:42 IST" skipped="0">
  <testcase classname="com.orangeHRM.test.OrangeHRM_AddEmployee" name="urlTest" time="4.751"/>
  <system-out/>
  <testcase classname="com.orangeHRM.test.OrangeHRM_AddEmployee" name="addEmployeesExel" time="17.087"/>
  <system-out/>
  <testcase classname="com.orangeHRM.test.OrangeHRM_AddEmployee" name="addEmployeesExel" time="17.600"/>
  <system-out/>
  <testcase classname="com.orangeHRM.test.OrangeHRM_AddEmployee" name="addEmployeesExel" time="17.421"/>
  <system-out/>
  <testcase classname="com.orangeHRM.test.OrangeHRM_AddEmployee" name="deleteEmployeesExel" time="8.094"/>
  <system-out/>
  <testcase classname="com.orangeHRM.test.OrangeHRM_AddEmployee" name="deleteEmployeesExel" time="8.688"/>
  <system-out/>
  <testcase classname="com.orangeHRM.test.OrangeHRM_AddEmployee" name="deleteEmployeesExel" time="8.135"/>
  <system-out/>
  <testcase classname="com.orangeHRM.test.OrangeHRM_AddEmployee" name="addEmployeesDataBase" time="17.282"/>
  <system-out/>
  <testcase classname="com.orangeHRM.test.OrangeHRM_AddEmployee" name="addEmployeesDataBase" time="16.926"/>
  <system-out/>
  <testcase classname="com.orangeHRM.test.OrangeHRM_AddEmployee" name="addEmployeesDataBase" time="17.320"/>
  <system-out/>
  <testcase classname="com.orangeHRM.test.OrangeHRM_AddEmployee" name="deleteEmployeesDataBase" time="8.163"/>
  <system-out/>
  <testcase classname="com.orangeHRM.test.OrangeHRM_AddEmployee" name="deleteEmployeesDataBase" time="8.037"/>
  <system-out/>
  <testcase classname="com.orangeHRM.test.OrangeHRM_AddEmployee" name="deleteEmployeesDataBase" time="8.157"/>
  <system-out/>
</testsuite> <!-- com.orangeHRM.test.OrangeHRM_AddEmployee -->
